<?xml version="1.0" encoding="UTF-8" ?>
<testsuite tests="3" failures="0" name="br.ce.wcaquino.runners.RunnerFuncionalTest" time="22.124" errors="0" skipped="0">
  <properties>
[...]
</properties>
  <testcase classname="Cadastro de contas" name="Deve validar regras cadastro contas" time="7.5"/>
  <testcase classname="Cadastro de contas" name="Deve validar regras cadastro contas" time="7.667"/>
  <testcase classname="Cadastro de contas" name="Deve validar regras cadastro contas" time="6.957"/>
</testsuite>